<?xml version="1.0" encoding="UTF-8"?>
<testng-results skipped="0" failed="0" ignored="0" total="1" passed="1">
  <reporter-output>
  </reporter-output>
  <suite name="com.trip.qa.testcases.LandingPageTest" duration-ms="32159" started-at="2019-04-20T12:40:49Z" finished-at="2019-04-20T12:41:22Z">
    <groups>
    </groups>
    <test name="Command line test" duration-ms="32159" started-at="2019-04-20T12:40:49Z" finished-at="2019-04-20T12:41:22Z">
      <class name="com.trip.qa.testcases.LandingPageTest">
        <test-method status="PASS" signature="setup()[pri:0, instance:com.trip.qa.testcases.LandingPageTest@3d8c7aca]" name="setup" is-config="true" duration-ms="3596" started-at="2019-04-20T22:40:50Z" finished-at="2019-04-20T22:40:54Z">
          <reporter-output>
          </reporter-output>
        </test-method> <!-- setup -->
        <test-method status="PASS" signature="FindOptionstest(java.lang.String, java.lang.String)[pri:0, instance:com.trip.qa.testcases.LandingPageTest@3d8c7aca]" name="FindOptionstest" duration-ms="27845" started-at="2019-04-20T22:40:54Z" data-provider="getTripTestData" finished-at="2019-04-20T22:41:21Z">
          <params>
            <param index="0">
              <value>
                <![CDATA[North Sydney]]>
              </value>
            </param>
            <param index="1">
              <value>
                <![CDATA[Town Hall]]>
              </value>
            </param>
          </params>
          <reporter-output>
          </reporter-output>
        </test-method> <!-- FindOptionstest -->
        <test-method status="PASS" signature="teardown()[pri:0, instance:com.trip.qa.testcases.LandingPageTest@3d8c7aca]" name="teardown" is-config="true" duration-ms="239" started-at="2019-04-20T22:41:21Z" finished-at="2019-04-20T22:41:22Z">
          <reporter-output>
          </reporter-output>
        </test-method> <!-- teardown -->
      </class> <!-- com.trip.qa.testcases.LandingPageTest -->
    </test> <!-- Command line test -->
  </suite> <!-- com.trip.qa.testcases.LandingPageTest -->
</testng-results>
